[2026-06-30 15:43:04] INFO : Candidate Transformer Started
[2026-06-30 15:43:04] INFO : Reading CSV: input/recruiter.csv
[2026-06-30 15:43:04] INFO : 1 candidates loaded.
[2026-06-30 15:43:04] INFO : Reading Resume: input/resume.txt
[2026-06-30 15:43:04] INFO : Resume loaded successfully.
[2026-06-30 15:43:04] INFO : Reading GitHub: input/github.json
[2026-06-30 15:43:04] INFO : GitHub profile loaded.
[2026-06-30 15:48:17] INFO : Candidate Transformer Started
[2026-06-30 15:48:17] INFO : Reading CSV: input/recruiter.csv
[2026-06-30 15:48:17] INFO : 1 candidates loaded.
[2026-06-30 15:48:17] INFO : Reading Resume: input/resume.txt
[2026-06-30 15:48:17] INFO : Resume loaded successfully.
[2026-06-30 15:48:17] INFO : Reading GitHub: input/github.json
[2026-06-30 15:48:17] INFO : GitHub profile loaded.
[2026-06-30 15:48:17] INFO : Pipeline Completed Successfully
[2026-06-30 16:00:53] INFO : Candidate Transformer Started
[2026-06-30 16:00:53] INFO : Reading CSV: input/recruiter.csv
[2026-06-30 16:00:53] INFO : 8 candidates loaded.
[2026-06-30 16:00:53] INFO : Reading Resume: input/resume.txt
[2026-06-30 16:00:53] INFO : Resume loaded successfully.
[2026-06-30 16:00:53] INFO : Reading GitHub: input/github.json
[2026-06-30 16:00:53] INFO : GitHub profile loaded.
[2026-06-30 16:00:53] INFO : Pipeline Completed Successfully
[2026-06-30 16:01:35] INFO : Candidate Transformer Started
[2026-06-30 16:01:35] INFO : Reading CSV: input/recruiter.csv
[2026-06-30 16:01:35] INFO : 8 candidates loaded.
[2026-06-30 16:01:35] INFO : Reading Resume: input/resume.txt
[2026-06-30 16:01:35] INFO : Resume loaded successfully.
[2026-06-30 16:01:35] INFO : Reading GitHub: input/github.json
[2026-06-30 16:01:35] INFO : GitHub profile loaded.
[2026-06-30 16:01:35] INFO : Pipeline Completed Successfully
[2026-06-30 16:02:56] INFO : Pipeline Started
[2026-06-30 16:02:56] INFO : Reading CSV: input/recruiter.csv
[2026-06-30 16:02:56] INFO : 8 candidates loaded.
[2026-06-30 16:02:56] INFO : Processing Pragna
[2026-06-30 16:19:33] INFO : Candidate Transformer Started
[2026-06-30 16:19:33] INFO : Reading CSV: input/recruiter.csv
[2026-06-30 16:19:33] INFO : 8 candidates loaded.
[2026-06-30 16:19:33] INFO : Reading Resume: input/resumes/pragna.txt
[2026-06-30 16:19:33] INFO : Resume loaded successfully.
[2026-06-30 16:19:33] INFO : Reading GitHub: input/github/pragna.json
[2026-06-30 16:19:33] INFO : GitHub profile loaded.
[2026-06-30 16:19:34] INFO : Pipeline Completed Successfully
[2026-06-30 16:24:13] INFO : Candidate Transformer Started
[2026-06-30 16:24:13] INFO : Reading CSV: input/recruiter.csv
[2026-06-30 16:24:13] INFO : 3 candidates loaded.
[2026-06-30 16:24:13] INFO : Reading Resume: input/resumes/pragna.txt
[2026-06-30 16:24:13] INFO : Resume loaded successfully.
[2026-06-30 16:24:13] INFO : Reading GitHub: input/github/pragna.json
[2026-06-30 16:24:13] INFO : GitHub profile loaded.
[2026-06-30 16:24:13] INFO : Pipeline Completed Successfully
[2026-06-30 16:29:04] INFO : Pipeline Started
[2026-06-30 16:29:04] INFO : Reading CSV: input/recruiter.csv
[2026-06-30 16:29:04] INFO : 3 candidates loaded.
[2026-06-30 16:29:04] INFO : Processing Pragna
[2026-06-30 16:29:04] INFO : Reading Resume: input\resumes\pragna.txt
[2026-06-30 16:29:04] INFO : Resume loaded successfully.
[2026-06-30 16:29:04] INFO : Reading GitHub: input\github\pragna.json
[2026-06-30 16:29:04] INFO : GitHub profile loaded.
[2026-06-30 16:29:04] INFO : Processing Rahul Sharma
[2026-06-30 16:29:04] INFO : Reading Resume: input\resumes\rahul.txt
[2026-06-30 16:29:04] INFO : Resume loaded successfully.
[2026-06-30 16:29:04] INFO : Reading GitHub: input\github\rahul.json
[2026-06-30 16:29:04] INFO : GitHub profile loaded.
[2026-06-30 16:29:04] INFO : Processing Ananya Reddy
[2026-06-30 16:29:04] INFO : Reading Resume: input\resumes\ananya.txt
[2026-06-30 16:29:04] INFO : Resume loaded successfully.
[2026-06-30 16:29:04] INFO : Reading GitHub: input\github\ananya.json
[2026-06-30 16:29:04] INFO : GitHub profile loaded.
[2026-06-30 16:29:04] INFO : 3 candidates processed.
[2026-06-30 16:29:04] INFO : Pipeline Completed Successfully
[2026-06-30 16:40:28] INFO : Pipeline Started
[2026-06-30 16:40:28] INFO : Reading CSV: input/recruiter.csv
[2026-06-30 16:40:28] INFO : 3 candidates loaded.
[2026-06-30 16:40:28] INFO : Processing Pragna
[2026-06-30 16:40:28] INFO : Reading Resume: input\resumes\pragna.txt
[2026-06-30 16:40:28] INFO : Resume loaded successfully.
[2026-06-30 16:40:28] INFO : Reading GitHub: input\github\pragna.json
[2026-06-30 16:40:28] INFO : GitHub profile loaded.
[2026-06-30 16:40:28] INFO : Processing Rahul Sharma
[2026-06-30 16:40:28] INFO : Reading Resume: input\resumes\rahul.txt
[2026-06-30 16:40:28] INFO : Resume loaded successfully.
[2026-06-30 16:40:28] INFO : Reading GitHub: input\github\rahul.json
[2026-06-30 16:40:28] INFO : GitHub profile loaded.
[2026-06-30 16:40:28] INFO : Processing Ananya Reddy
[2026-06-30 16:40:28] INFO : Reading Resume: input\resumes\ananya.txt
[2026-06-30 16:40:28] INFO : Resume loaded successfully.
[2026-06-30 16:40:28] INFO : Reading GitHub: input\github\ananya.json
[2026-06-30 16:40:28] INFO : GitHub profile loaded.
[2026-06-30 16:40:28] INFO : 3 candidates processed.
[2026-06-30 16:40:28] INFO : Pipeline Completed Successfully
[2026-06-30 16:49:30] INFO : Pipeline Started
[2026-06-30 16:49:30] INFO : Reading CSV: input/recruiter.csv
[2026-06-30 16:49:30] INFO : 3 candidates loaded.
[2026-06-30 16:49:30] INFO : Processing Pragna
[2026-06-30 16:49:30] INFO : Reading Resume: input\resumes\pragna.txt
[2026-06-30 16:49:30] INFO : Resume loaded successfully.
[2026-06-30 16:49:30] INFO : Reading GitHub: input\github\pragna.json
[2026-06-30 16:49:30] INFO : GitHub profile loaded.
[2026-06-30 16:49:30] INFO : Processing Rahul Sharma
[2026-06-30 16:49:30] INFO : Reading Resume: input\resumes\rahul.txt
[2026-06-30 16:49:30] INFO : Resume loaded successfully.
[2026-06-30 16:49:30] INFO : Reading GitHub: input\github\rahul.json
[2026-06-30 16:49:30] INFO : GitHub profile loaded.
[2026-06-30 16:49:30] INFO : Processing Ananya Reddy
[2026-06-30 16:49:30] INFO : Reading Resume: input\resumes\ananya.txt
[2026-06-30 16:49:30] INFO : Resume loaded successfully.
[2026-06-30 16:49:30] INFO : Reading GitHub: input\github\ananya.json
[2026-06-30 16:49:30] INFO : GitHub profile loaded.
[2026-06-30 16:49:30] INFO : 3 candidates processed.
[2026-06-30 16:49:30] INFO : Pipeline Completed Successfully
